[2019-04-14 17:03:37,598][MainThread:12084][task_id:用户操作][user.py:17][INFO][用户[zmj]注册成功]
[2019-04-14 17:03:51,686][MainThread:12084][task_id:用户操作][user.py:27][DEBUG][用户[zmj]登录成功]
[2019-04-14 17:04:01,289][MainThread:12084][task_id:ATM][bank.py:13][INFO][用户[zmj]本次提现金额为[1000],手续费为[50.0]]
[2019-04-14 17:04:11,048][MainThread:12084][task_id:ATM][bank.py:48][INFO][用户[zmj]本次还款金额为[1000],当前可用额度为[14950.0]]
[2019-04-14 17:05:19,447][MainThread:5412][task_id:用户操作][user.py:27][DEBUG][用户[zmj]登录成功]
[2019-04-14 17:06:29,623][MainThread:7596][task_id:用户操作][user.py:27][DEBUG][用户[zmj]登录成功]
[2019-04-14 17:11:00,867][MainThread:4740][task_id:用户操作][user.py:17][INFO][用户[zmj]注册成功]
[2019-04-14 17:16:57,152][MainThread:9572][task_id:用户操作][user.py:27][DEBUG][用户[zmj]登录成功]
[2019-04-14 17:17:13,277][MainThread:9572][task_id:用户操作][user.py:17][INFO][用户[love]注册成功]
[2019-04-14 17:17:22,843][MainThread:9572][task_id:ATM][bank.py:36][INFO][用户[zmj]给用户[love]转账金额为[1000],当前可用额度为[14000]]
[2019-04-14 17:17:31,491][MainThread:9572][task_id:ATM][bank.py:13][INFO][用户[zmj]本次提现金额为[1000],手续费为[50.0]]
[2019-04-14 17:17:38,966][MainThread:9572][task_id:ATM][bank.py:48][INFO][用户[zmj]本次还款金额为[1000],当前可用额度为[13950.0]]
[2019-04-14 17:20:08,526][MainThread:1120][task_id:用户操作][user.py:27][DEBUG][用户[zmj]登录成功]
[2019-04-14 17:20:22,183][MainThread:1120][task_id:购物][shop.py:11][INFO][用户[zmj]成功添加商品[{'袜子': 1}]到购物车]
[2019-04-14 17:22:48,565][MainThread:2884][task_id:用户操作][user.py:27][DEBUG][用户[ZMJ]登录成功]
[2019-04-14 17:23:05,223][MainThread:2884][task_id:购物][shop.py:11][INFO][用户[ZMJ]成功添加商品[{'袜子': 1}]到购物车]
[2019-04-14 17:26:13,410][MainThread:2884][task_id:购物][shop.py:11][INFO][用户[ZMJ]成功添加商品[{'袜子': 1}]到购物车]
[2019-04-14 17:26:15,750][MainThread:2884][task_id:购物][shop.py:11][INFO][用户[ZMJ]成功添加商品[{'衣服': 1}]到购物车]
[2019-04-14 17:26:29,160][MainThread:2884][task_id:购物][shop.py:11][INFO][用户[ZMJ]成功添加商品[{'iphone': 1}]到购物车]
[2019-04-14 17:30:10,510][MainThread:720][task_id:用户操作][user.py:27][DEBUG][用户[zmj]登录成功]
[2019-04-14 17:30:18,113][MainThread:720][task_id:购物][shop.py:11][INFO][用户[zmj]成功添加商品[{'袜子': 1}]到购物车]
[2019-04-14 17:34:31,363][MainThread:6464][task_id:用户操作][user.py:27][DEBUG][用户[zmj]登录成功]
[2019-04-14 17:34:35,234][MainThread:6464][task_id:购物][shop.py:11][INFO][用户[zmj]成功添加商品[{'袜子': 1}]到购物车]
[2019-04-14 17:38:34,621][MainThread:6284][task_id:用户操作][user.py:27][INFO][用户[zmj]登录成功]
[2019-04-14 17:38:39,350][MainThread:6284][task_id:购物][shop.py:11][INFO][用户[zmj]成功添加商品[{'袜子': 1}]到购物车]
[2019-04-14 17:38:41,552][MainThread:6284][task_id:购物][shop.py:11][INFO][用户[zmj]成功添加商品[{'袜子': 1}]到购物车]
[2019-04-14 17:38:43,416][MainThread:6284][task_id:购物][shop.py:11][INFO][用户[zmj]成功添加商品[{'衣服': 1}]到购物车]
[2019-04-14 17:38:45,475][MainThread:6284][task_id:购物][shop.py:11][INFO][用户[zmj]成功添加商品[{'袜子': 1}]到购物车]
[2019-04-14 17:40:21,787][MainThread:6600][task_id:用户操作][user.py:27][INFO][用户[zmj]登录成功]
[2019-04-14 17:41:45,581][MainThread:6600][task_id:购物][shop.py:11][INFO][用户[zmj]成功添加商品[{'袜子': 1}]到购物车]
[2019-04-14 17:42:43,527][MainThread:12216][task_id:用户操作][user.py:27][INFO][用户[zmj]登录成功]
[2019-04-14 17:44:51,023][MainThread:6456][task_id:用户操作][user.py:27][INFO][用户[zmj]登录成功]
[2019-04-14 17:44:53,692][MainThread:6456][task_id:购物][shop.py:11][INFO][用户[zmj]成功添加商品[{'袜子': 1}]到购物车]
[2019-04-14 17:46:49,904][MainThread:11544][task_id:用户操作][user.py:27][INFO][用户[zmj]登录成功]
[2019-04-14 17:46:53,094][MainThread:11544][task_id:购物][shop.py:11][INFO][用户[zmj]成功添加商品[{'macbook': 1}]到购物车]
[2019-04-14 17:46:55,083][MainThread:11544][task_id:购物][shop.py:11][INFO][用户[zmj]成功添加商品[{'macbook': 2}]到购物车]
[2019-04-14 17:46:56,944][MainThread:11544][task_id:购物][shop.py:11][INFO][用户[zmj]成功添加商品[{'macbook': 2, 'latiao': 1}]到购物车]
[2019-04-14 17:47:09,929][MainThread:11544][task_id:ATM][bank.py:63][INFO][用户[zmj]购物本次消费金额为[5]]
[2019-04-14 17:52:45,349][MainThread:7284][task_id:用户操作][user.py:27][INFO][用户[zmj]登录成功]
[2019-04-14 17:52:48,261][MainThread:7284][task_id:购物][shop.py:11][INFO][用户[zmj]成功添加商品[{'袜子': 1}]到购物车]
[2019-04-14 17:52:51,646][MainThread:7284][task_id:购物][shop.py:11][INFO][用户[zmj]成功添加商品[{'袜子': 1}]到购物车]
[2019-04-14 17:53:55,097][MainThread:6084][task_id:用户操作][user.py:27][INFO][用户[zmj]登录成功]
[2019-04-14 17:53:59,175][MainThread:6084][task_id:购物][shop.py:11][INFO][用户[zmj]成功添加商品[{'袜子': 1}]到购物车]
[2019-04-14 17:54:21,029][MainThread:7612][task_id:用户操作][user.py:27][INFO][用户[zmj]登录成功]
[2019-04-14 17:54:23,530][MainThread:7612][task_id:购物][shop.py:11][INFO][用户[zmj]成功添加商品[{'袜子': 1}]到购物车]
[2019-04-14 17:54:26,299][MainThread:7612][task_id:购物][shop.py:11][INFO][用户[zmj]成功添加商品[{'袜子': 1}]到购物车]
[2019-04-14 17:54:28,068][MainThread:7612][task_id:购物][shop.py:11][INFO][用户[zmj]成功添加商品[{'衣服': 1}]到购物车]
[2019-04-14 17:54:28,992][MainThread:7612][task_id:购物][shop.py:11][INFO][用户[zmj]成功添加商品[{'裤子': 1}]到购物车]
[2019-04-14 17:57:41,606][MainThread:10884][task_id:用户操作][user.py:27][INFO][用户[zmj]登录成功]
[2019-04-14 17:57:43,909][MainThread:10884][task_id:购物][shop.py:11][INFO][用户[zmj]成功添加商品[{'袜子': 1}]到购物车]
[2019-04-14 17:57:45,251][MainThread:10884][task_id:购物][shop.py:11][INFO][用户[zmj]成功添加商品[{'袜子': 1}]到购物车]
[2019-04-14 17:57:46,366][MainThread:10884][task_id:购物][shop.py:11][INFO][用户[zmj]成功添加商品[{'衣服': 1}]到购物车]
[2019-04-14 17:57:47,117][MainThread:10884][task_id:购物][shop.py:11][INFO][用户[zmj]成功添加商品[{'裤子': 1}]到购物车]
[2019-04-14 17:57:52,819][MainThread:10884][task_id:购物][shop.py:11][INFO][用户[zmj]成功添加商品[{'裤子': 1}]到购物车]
[2019-04-14 18:00:16,948][MainThread:9784][task_id:用户操作][user.py:27][INFO][用户[zmj]登录成功]
[2019-04-14 18:00:20,910][MainThread:9784][task_id:购物][shop.py:11][INFO][用户[zmj]成功添加商品[{'iphone': 1}]到购物车]
[2019-04-14 18:00:24,374][MainThread:9784][task_id:购物][shop.py:11][INFO][用户[zmj]成功添加商品[{'袜子': 1}]到购物车]
[2019-04-14 18:04:25,235][MainThread:6872][task_id:用户操作][user.py:27][INFO][用户[zmj]登录成功]
[2019-04-14 18:04:27,535][MainThread:6872][task_id:购物][shop.py:11][INFO][用户[zmj]成功添加商品[{'袜子': 1}]到购物车]
[2019-04-14 18:04:29,059][MainThread:6872][task_id:购物][shop.py:11][INFO][用户[zmj]成功添加商品[{'衣服': 1}]到购物车]
[2019-04-14 18:04:31,153][MainThread:6872][task_id:购物][shop.py:11][INFO][用户[zmj]成功添加商品[{'裤子': 1}]到购物车]
[2019-04-14 18:05:43,907][MainThread:5028][task_id:用户操作][user.py:27][INFO][用户[zmj]登录成功]
[2019-04-14 18:05:48,102][MainThread:5028][task_id:购物][shop.py:11][INFO][用户[zmj]成功添加商品[{'袜子': 1}]到购物车]
[2019-04-14 18:05:52,421][MainThread:5028][task_id:购物][shop.py:11][INFO][用户[zmj]成功添加商品[{'衣服': 1}]到购物车]
[2019-04-14 18:06:50,800][MainThread:5028][task_id:购物][shop.py:11][INFO][用户[zmj]成功添加商品[{'袜子': 1}]到购物车]
[2019-04-14 18:06:53,314][MainThread:5028][task_id:购物][shop.py:11][INFO][用户[zmj]成功添加商品[{'袜子': 1}]到购物车]
[2019-04-14 18:06:55,575][MainThread:5028][task_id:购物][shop.py:11][INFO][用户[zmj]成功添加商品[{'袜子': 1}]到购物车]
[2019-04-14 18:11:01,854][MainThread:7580][task_id:用户操作][user.py:27][INFO][用户[zmj]登录成功]
[2019-04-14 18:11:06,370][MainThread:7580][task_id:购物][shop.py:11][INFO][用户[zmj]成功添加商品[{'袜子': 1}]到购物车]
[2019-04-14 18:11:07,750][MainThread:7580][task_id:购物][shop.py:11][INFO][用户[zmj]成功添加商品[{'袜子': 2}]到购物车]
[2019-04-14 18:11:09,310][MainThread:7580][task_id:购物][shop.py:11][INFO][用户[zmj]成功添加商品[{'袜子': 3}]到购物车]
[2019-04-14 18:12:46,466][MainThread:11172][task_id:用户操作][user.py:27][INFO][用户[zmj]登录成功]
[2019-04-14 18:12:53,978][MainThread:11172][task_id:购物][shop.py:11][INFO][用户[zmj]成功添加商品[{'袜子': 1}]到购物车]
[2019-04-14 18:12:56,952][MainThread:11172][task_id:购物][shop.py:11][INFO][用户[zmj]成功添加商品[{'袜子': 1, '衣服': 1}]到购物车]
[2019-04-14 18:12:58,201][MainThread:11172][task_id:购物][shop.py:11][INFO][用户[zmj]成功添加商品[{'袜子': 1, '衣服': 1, '裤子': 1}]到购物车]
[2019-04-14 18:12:59,392][MainThread:11172][task_id:购物][shop.py:11][INFO][用户[zmj]成功添加商品[{'袜子': 1, '衣服': 1, '裤子': 2}]到购物车]
[2019-04-14 18:13:00,391][MainThread:11172][task_id:购物][shop.py:11][INFO][用户[zmj]成功添加商品[{'袜子': 1, '衣服': 2, '裤子': 2}]到购物车]
[2019-04-14 18:13:10,341][MainThread:11172][task_id:ATM][bank.py:63][INFO][用户[zmj]购物本次消费金额为[3410]]
[2019-04-14 18:18:55,148][MainThread:6128][task_id:用户操作][user.py:17][INFO][用户[zmj]注册成功]
[2019-04-14 18:19:02,680][MainThread:6128][task_id:用户操作][user.py:27][INFO][用户[zmj]登录成功]
[2019-04-14 18:19:15,724][MainThread:6128][task_id:ATM][bank.py:13][INFO][用户[zmj]本次提现金额为[1000],手续费为[50.0]]
[2019-04-14 18:20:08,962][MainThread:4068][task_id:用户操作][user.py:27][INFO][用户[zmj]登录成功]
[2019-04-14 18:20:12,583][MainThread:4068][task_id:ATM][bank.py:15][INFO][用户[zmj]本次提现金额为[1000],手续费为[50.0]]
[2019-04-14 18:23:04,415][MainThread:7152][task_id:用户操作][user.py:27][INFO][用户[zmj]登录成功]
[2019-04-14 18:23:08,232][MainThread:7152][task_id:ATM][bank.py:48][INFO][用户[zmj]本次还款金额为[1000],当前可用额度为[13900.0]]
[2019-04-14 18:30:45,100][MainThread:7636][task_id:用户操作][user.py:27][INFO][用户[zmj]登录成功]
[2019-04-14 18:31:07,781][MainThread:7636][task_id:ATM][bank.py:48][INFO][用户[zmj]本次还款金额为[1000],当前可用额度为[14900.0]]
[2019-04-14 18:31:14,161][MainThread:7636][task_id:ATM][bank.py:15][INFO][用户[zmj]本次提现金额为[1000],手续费为[50.0]]
[2019-04-14 18:35:00,606][MainThread:4592][task_id:用户操作][user.py:27][INFO][用户[zmj]登录成功]
[2019-04-14 18:35:05,712][MainThread:4592][task_id:ATM][bank.py:15][INFO][用户[zmj]本次提现金额为[1000],手续费为[50.0]]
[2019-04-15 20:21:03,463][MainThread:10152][task_id:用户操作][user.py:27][INFO][用户[zmj]登录成功]
